
> node-test@0.0.0 start /home/ubuntu/node-test
> PORT=8080 node ./bin/www

[0mGET / [32m200 [0m58.732 ms - 204[0m
[0mGET / [32m200 [0m3.208 ms - 204[0m

> node-test@0.0.0 start /home/ubuntu/node-test
> PORT=8080 node ./bin/www

[0mGET / [32m200 [0m57.948 ms - 204[0m
[0mGET / [32m200 [0m3.196 ms - 204[0m
[0mGET / [32m200 [0m2.526 ms - 204[0m
[0mGET / [32m200 [0m2.299 ms - 204[0m
[0mGET / [32m200 [0m2.344 ms - 204[0m
Terminated
npm ERR! code ELIFECYCLE
npm ERR! errno 143
npm ERR! node-test@0.0.0 start: `PORT=8080 node ./bin/www`
npm ERR! Exit status 143
npm ERR! 
npm ERR! Failed at the node-test@0.0.0 start script.
npm ERR! This is probably not a problem with npm. There is likely additional logging output above.

npm ERR! A complete log of this run can be found in:
npm ERR!     /home/ubuntu/.npm/_logs/2018-04-10T20_25_16_163Z-debug.log
